<?xml version="1.0" encoding="UTF-8"?>
<testng-results skipped="0" failed="0" ignored="0" total="1" passed="1">
  <reporter-output>
  </reporter-output>
  <suite name="Default suite" duration-ms="92658" started-at="2018-05-25T07:30:49Z" finished-at="2018-05-25T07:32:22Z">
    <groups>
    </groups>
    <test name="Default test" duration-ms="92658" started-at="2018-05-25T07:30:49Z" finished-at="2018-05-25T07:32:22Z">
      <class name="com.cocoin.testcases.TC003_AddExpense">
        <test-method status="PASS" signature="setup()[pri:0, instance:com.cocoin.testcases.TC003_AddExpense@6b09bb57]" name="setup" is-config="true" duration-ms="52297" started-at="2018-05-25T00:30:49Z" finished-at="2018-05-25T00:31:42Z">
          <reporter-output>
          </reporter-output>
        </test-method> <!-- setup -->
        <test-method status="PASS" signature="verifyLaunchApp()[pri:0, instance:com.cocoin.testcases.TC003_AddExpense@6b09bb57]" name="verifyLaunchApp" duration-ms="35993" started-at="2018-05-25T00:31:42Z" finished-at="2018-05-25T00:32:18Z">
          <reporter-output>
          </reporter-output>
        </test-method> <!-- verifyLaunchApp -->
        <test-method status="PASS" signature="tearDown()[pri:0, instance:com.cocoin.testcases.TC003_AddExpense@6b09bb57]" name="tearDown" is-config="true" duration-ms="4338" started-at="2018-05-25T00:32:18Z" finished-at="2018-05-25T00:32:22Z">
          <reporter-output>
          </reporter-output>
        </test-method> <!-- tearDown -->
      </class> <!-- com.cocoin.testcases.TC003_AddExpense -->
    </test> <!-- Default test -->
  </suite> <!-- Default suite -->
</testng-results>
